        -:    0:Source:test_roman_numbers.c
        -:    0:Graph:test_roman_numbers.gcno
        -:    0:Data:test_roman_numbers.gcda
        -:    0:Runs:1
        -:    0:Programs:1
        -:    0:Source is newer than graph
        -:    1:#include "module.h"
        -:    2:#include <gtest/gtest.h>
        -:    3:
        -:    4:/**
        -:    5:	Test 1 - lowercase
        -:    6:	\n This test compares the resulting string with the input string in lowercase characters
        -:    7:	\n There are 3 possible inputs: 
        -:    8:		\n\t 1. String with all character in uppercase
        -:    9:		\n\t 2. String with mixed uppercase and lowercase characters
        -:   10:		\n\t 3. String is already in lowercase
        -:   11:	\n Passing this test means that the function successfully converts or keeps a string in lowercase
        -:   12:*/
        5:   13:TEST(lowercase_function, comparing_IO){
        -:   14:	char string_tests[20];
        -:   15:	
        1:   16:	strcpy(string_tests, "TEST_LOWER");
        1:   17:	lowercase(string_tests);
        1:   18:	EXPECT_EQ(0, strcmp("test_lower", string_tests));
        -:   19:
        1:   20:	strcpy(string_tests, "TeSt_lOwEr");
        1:   21:	lowercase(string_tests);
        1:   22:	EXPECT_EQ(0, strcmp("test_lower", string_tests));
        -:   23:
        1:   24:	strcpy(string_tests, "test_lower");
        1:   25:	lowercase(string_tests);
        1:   26:	EXPECT_EQ(0, strcmp("test_lower", string_tests));
        1:   27:}
        -:   28:
        -:   29:/**
        -:   30:	Test 2 - uppercase
        -:   31:	\n This test compares the resulting string with the input string in uppercase characters
        -:   32:	\n There are 3 possible inputs: 
        -:   33:		\n\t 1. String with all character in lowercase
        -:   34:		\n\t 2. String with mixed uppercase and lowercase characters
        -:   35:		\n\t 3. String is already in uppercase
        -:   36:	\n Passing this test means that the function successfully converts or keeps a string in uppercase
        -:   37:*/
        5:   38:TEST(uppercase_function, comparing_IO){
        -:   39:	char string_tests[20];
        -:   40:	
        1:   41:	strcpy(string_tests, "test_upper");
        1:   42:	uppercase(string_tests);
        1:   43:	EXPECT_EQ(0, strcmp("TEST_UPPER", string_tests));
        -:   44:
        1:   45:	strcpy(string_tests, "TeSt_uPpEr");
        1:   46:	uppercase(string_tests);
        1:   47:	EXPECT_EQ(0, strcmp("TEST_UPPER", string_tests));
        -:   48:
        1:   49:	strcpy(string_tests, "TEST_UPPER");
        1:   50:	uppercase(string_tests);
        1:   51:	EXPECT_EQ(0, strcmp("TEST_UPPER", string_tests));
        1:   52:}
        -:   53:
        -:   54:/**
        -:   55:	Test 3 - convert_arabic
        -:   56:	\n This function intends to generate an array with the arabic numbers corresponding to the roman symbols given in a string
        -:   57:	\n WARNING: this function is protected only against inputs with unknown symbols, since it was not designed to be a standalone function. Wrong combinations of regular symbols will be converted. 
        -:   58:		\n\t The first test situation analises the behavior if the function receives a string with incoherent symbols
        -:   59:		\n\t All other tests analises the array generated given a regular input.
        -:   60:	\n Passing this test means that the function successfully converts the symbols from the string to a array of integers.
        -:   61:*/
        5:   62:TEST(convert_arabic_function, all_cases){
        -:   63:	char string_tests[20];
        -:   64:	int *numbers;
        -:   65:
        1:   66:	strcpy(string_tests, "ax");
        1:   67:	EXPECT_EQ(NULL, convert_arabic(string_tests));
        -:   68:
        -:   69:
        1:   70:	strcpy(string_tests, "iv");
        1:   71:	numbers = (int *) convert_arabic(string_tests);
        -:   72:
        1:   73:	EXPECT_EQ(1, numbers[1]);
        1:   74:	EXPECT_EQ(5, numbers[2]);
        -:   75:
        -:   76:
        1:   77:	strcpy(string_tests, "dcccxx");
        1:   78:	numbers = (int *) convert_arabic(string_tests);
        -:   79:
        1:   80:	EXPECT_EQ(500, numbers[1]);
        1:   81:	EXPECT_EQ(100, numbers[2]);
        1:   82:	EXPECT_EQ(100, numbers[3]);
        1:   83:	EXPECT_EQ(100, numbers[4]);
        1:   84:	EXPECT_EQ(10, numbers[5]);
        1:   85:	EXPECT_EQ(10, numbers[6]);
        -:   86:
        1:   87:	strcpy(string_tests, "mccclxxxviii");
        1:   88:	numbers = (int *) convert_arabic(string_tests);
        -:   89:
        1:   90:	EXPECT_EQ(1000, numbers[1]);
        1:   91:	EXPECT_EQ(100, numbers[2]);
        1:   92:	EXPECT_EQ(100, numbers[3]);
        1:   93:	EXPECT_EQ(100, numbers[4]);
        1:   94:	EXPECT_EQ(50, numbers[5]);
        1:   95:	EXPECT_EQ(10, numbers[6]);
        1:   96:	EXPECT_EQ(10, numbers[7]);
        1:   97:	EXPECT_EQ(10, numbers[8]);
        1:   98:	EXPECT_EQ(5, numbers[9]);
        1:   99:	EXPECT_EQ(1, numbers[10]);
        1:  100:	EXPECT_EQ(1, numbers[11]);
        1:  101:	EXPECT_EQ(1, numbers[12]);
        -:  102:
        1:  103:	free(numbers);
        -:  104:
        1:  105:}
        -:  106:
        -:  107:/**
        -:  108:	Test 4 - compute_arabic
        -:  109:	\n This function intends to give the resulting arabic number after receiving the array generated by convert_arabic function
        -:  110:	\n WARNING: this function does not have any protection from wrong inputs, since it was not designed to be a standalone function.
        -:  111:		\n\t All tests analises the number generated given a regular input
        -:  112:	\n Passing this test means that the function successfully calculates the arabic number given the array of integers generated by convert_arabic.	
        -:  113:*/
        5:  114:TEST(compute_arabic_function, all_cases){
        -:  115:
        1:  116:	int index_array1[] = {12, 1000, 100, 100, 100, 50, 10, 10, 10, 5, 1, 1, 1};
        1:  117:	int index_array2[] = {2, 10, 10};
        1:  118:	int index_array3[] = {6, 500, 100, 100, 100, 10, 10};
        1:  119:	int index_array4[] = {2, 1, 10};
        -:  120:
        1:  121:	EXPECT_EQ(1388, compute_arabic(index_array1));
        1:  122:	EXPECT_EQ(20, compute_arabic(index_array2));
        1:  123:	EXPECT_EQ(820, compute_arabic(index_array3));
        1:  124:	EXPECT_EQ(9, compute_arabic(index_array4));
        1:  125:}
        -:  126:
        -:  127:/**
        -:  128:	Test 5 - convert_roman
        -:  129:	\n This function intends to convert an integer (arabic number) in a string with the correspondent roman number
        -:  130:	\n WARNING: this function does not have any protection from wrong inputs, since it was not designed to be a standalone function.
        -:  131:		\n\t All tests analises the string generated given a regular input
        -:  132:	\n Passing this test means that the function successfully alterates, by reference, the parameter string. 
        -:  133:*/
        5:  134:TEST(convert_roman, all_cases){
        -:  135:	char string_tests[20];
        -:  136:
        1:  137:	convert_roman(20, string_tests);
        1:  138:	EXPECT_EQ(0, strcmp("xx", string_tests));
        -:  139:
        1:  140:	convert_roman(1388, string_tests);
        1:  141:	EXPECT_EQ(0, strcmp("mccclxxxviii", string_tests));
        -:  142:
        1:  143:	convert_roman(1550, string_tests);
        1:  144:	EXPECT_EQ(0, strcmp("mdl", string_tests));
        -:  145:
        1:  146:	convert_roman(9, string_tests);
        1:  147:	EXPECT_EQ(0, strcmp("ix", string_tests));
        1:  148:}
        -:  149:
        -:  150:/**
        -:  151:	Test 6 - roman_to_arabic
        -:  152:	\n This function combines all the previous functions to correctly make the convertion from roman numbers to arabic numbers, preventing all mistakes related to wrong inputs.
        -:  153:		\n\t The first test situation analises the behavior if the function receives a NULL char pointers or wrong combinations of symbols.
        -:  154:		\n\t All other tests analises the integer generated given a regular input
        -:  155:	\n Passing this test means that the function successfully converts the number.
        -:  156:*/
        5:  157:TEST(roman_to_arabic, all_cases){
        -:  158:	char string_tests[20];
        -:  159:
        1:  160:	EXPECT_EQ(-1, roman_to_arabic(NULL));
        -:  161:
        1:  162:	strcpy(string_tests, "axx");
        1:  163:	EXPECT_EQ(-1, roman_to_arabic(string_tests));
        -:  164:
        1:  165:	strcpy(string_tests, "xxixx");
        1:  166:	EXPECT_EQ(-1, roman_to_arabic(string_tests));
        -:  167:
        1:  168:	strcpy(string_tests, "iiii");
        1:  169:	EXPECT_EQ(-1, roman_to_arabic(string_tests));
        -:  170:
        1:  171:	strcpy(string_tests, "xxixx");
        1:  172:	EXPECT_EQ(-1, roman_to_arabic(string_tests));
        -:  173:
        1:  174:	strcpy(string_tests, "xlx");
        1:  175:	EXPECT_EQ(-1, roman_to_arabic(string_tests));
        -:  176:
        1:  177:	strcpy(string_tests, "vx");
        1:  178:	EXPECT_EQ(-1, roman_to_arabic(string_tests));
        -:  179:
        1:  180:	strcpy(string_tests, "ix");
        1:  181:	EXPECT_EQ(9, roman_to_arabic(string_tests));
        -:  182:
        1:  183:	strcpy(string_tests, "xxx");
        1:  184:	EXPECT_EQ(30, roman_to_arabic(string_tests));
        -:  185:
        1:  186:	strcpy(string_tests, "mdl");
        1:  187:	EXPECT_EQ(1550, roman_to_arabic(string_tests));
        -:  188:
        1:  189:	strcpy(string_tests, "mccclxxxviii");
        1:  190:	EXPECT_EQ(1388, roman_to_arabic(string_tests));
        -:  191:
        1:  192:	strcpy(string_tests, "mmdxii");
        1:  193:	EXPECT_EQ(2512, roman_to_arabic(string_tests));
        -:  194:
        1:  195:}
        -:  196:
        -:  197:/**
        -:  198:	Test 7 - roman_to_arabic
        -:  199:	\n This function combines all the previous functions to correctly make the convertion from arabic numbers to roman numbers, preventing all mistakes related to wrong inputs.
        -:  200:		\n\t The first test situation analises the behavior if the function receives a negative number.
        -:  201:		\n\t All other tests analises the string generated given a regular input
        -:  202:	\n Passing this test means that the function successfully converts the number.
        -:  203:*/
        5:  204:TEST(arabic_to_roman, all_cases){
        -:  205:	
        1:  206:	EXPECT_EQ(NULL, arabic_to_roman(-1));
        1:  207:	EXPECT_EQ(0, strcmp("IX", arabic_to_roman(9)));
        1:  208:	EXPECT_EQ(0, strcmp("XXXI", arabic_to_roman(31)));
        1:  209:	EXPECT_EQ(0, strcmp("IV", arabic_to_roman(4)));
        1:  210:	EXPECT_EQ(0, strcmp("MDL", arabic_to_roman(1550)));
        1:  211:	EXPECT_EQ(0, strcmp("MCCCLXXXVIII", arabic_to_roman(1388)));
        1:  212:	EXPECT_EQ(0, strcmp("MMDXII", arabic_to_roman(2512)));
        1:  213:	EXPECT_EQ(0, strcmp("LIX", arabic_to_roman(59)));
        1:  214:}
        -:  215:
        -:  216:/**
        -:  217:	This file intends only to test the functions conteined in module.c/.h files.
        -:  218:	\n Here we are using the GoogleTest test framework.
        -:  219:*/
        1:  220:int main(int argc, char **argv){
        1:  221:	testing::InitGoogleTest(&argc, argv);
        1:  222:	return RUN_ALL_TESTS();
        3:  223:}
